<?xml version="1.0" encoding="UTF-8"?>
<!-- Generated by org.testng.reporters.JUnitReportReporter -->
<testsuite hostname="DESKTOP-22P1JCJ" failures="0" tests="4" name="TestAccount" time="29.437" errors="0" timestamp="2021-08-15T20:02:14 CST" skipped="0">
  <testcase classname="TestAccount" name="Test_Login_Unsuccessful" time="7.986"/>
  <testcase classname="TestAccount" name="Test_Login_Successful" time="10.178"/>
  <testcase classname="TestAccount" name="Test_Login_Successful" time="4.192"/>
  <testcase classname="TestAccount" name="Test_Login_Unsuccessful" time="7.081"/>
</testsuite> <!-- TestAccount -->
