<?xml version="1.0" encoding="UTF-8"?>
<!-- Generated by org.testng.reporters.JUnitReportReporter -->
<testsuite hostname="DESKTOP-22P1JCJ" failures="0" tests="2" name="TestAccount" time="16.959" errors="0" timestamp="2021-08-15T16:07:25 CST" skipped="0">
  <testcase classname="TestAccount" name="Test_Login_Unsuccessful" time="7.031"/>
  <testcase classname="TestAccount" name="Test_Login_Successful" time="9.928"/>
</testsuite> <!-- TestAccount -->
