<?xml version="1.0" encoding="UTF-8"?>
<!-- Generated by org.testng.reporters.JUnitReportReporter -->
<testsuite hostname="DESKTOP-22P1JCJ" failures="0" tests="2" name="selenium.TestSearch" time="36.261" errors="0" timestamp="2021-08-16T13:28:20 CST" skipped="0">
  <testcase classname="selenium.TestSearch" name="Validate_Search" time="3.471"/>
  <testcase classname="selenium.TestSearch" name="Test_Empty_Results" time="32.790"/>
</testsuite> <!-- selenium.TestSearch -->
