<?xml version="1.0" encoding="UTF-8"?>
<!-- Generated by org.testng.reporters.JUnitReportReporter -->
<testsuite hostname="DESKTOP-22P1JCJ" failures="0" tests="2" name="selenium.TestAccount" time="13.471" errors="0" timestamp="2021-08-16T13:28:20 CST" skipped="0">
  <testcase classname="selenium.TestAccount" name="Test_Login_Unsuccessful" time="8.641"/>
  <testcase classname="selenium.TestAccount" name="Test_Login_Successful" time="4.830"/>
</testsuite> <!-- selenium.TestAccount -->
